<?xml version="1.0" encoding="UTF-8"?>
<!-- Generated by org.testng.reporters.JUnitReportReporter -->
<testsuite hostname="LAPTOP-9N9IQFPH" failures="0" tests="4" name="testNG.priorotyAndSkipTC" time="0.000" errors="0" timestamp="2022-07-17T11:42:17 IST" skipped="1">
  <testcase classname="testNG.priorotyAndSkipTC" name="secondTC" time="0.000"/>
  <system-out/>
  <testcase classname="testNG.priorotyAndSkipTC" name="firstTC" time="0.000"/>
  <system-out/>
  <testcase classname="testNG.priorotyAndSkipTC" name="fourthTC" time="0.000"/>
  <system-out/>
  <testcase classname="testNG.priorotyAndSkipTC" name="thirdTC">
    <skipped/>
  </testcase> <!-- thirdTC -->
  <system-out/>
</testsuite> <!-- testNG.priorotyAndSkipTC -->
