<?xml version="1.0" encoding="UTF-8"?>
<!-- Generated by org.testng.reporters.JUnitReportReporter -->
<testsuite hostname="LAPTOP-9N9IQFPH" failures="0" tests="3" name="testNG.suiteExample" time="4.174" errors="0" timestamp="2022-07-17T11:42:17 IST" skipped="0">
  <testcase classname="testNG.suiteExample" name="openGoogle" time="2.917"/>
  <system-out/>
  <testcase classname="testNG.suiteExample" name="openfaceboook" time="0.887"/>
  <system-out/>
  <testcase classname="testNG.suiteExample" name="openbing" time="0.370"/>
  <system-out/>
</testsuite> <!-- testNG.suiteExample -->
