<?xml version="1.0" encoding="UTF-8"?>
<!-- Generated by org.testng.reporters.JUnitReportReporter -->
<testsuite hostname="LAPTOP-9N9IQFPH" failures="0" tests="4" name="testNG.sampleTestCase" time="0.007" errors="0" timestamp="2022-07-02T11:52:08 IST" skipped="1">
  <testcase classname="testNG.sampleTestCase" name="fourthTC" time="0.005"/>
  <system-out/>
  <testcase classname="testNG.sampleTestCase" name="secondTC" time="0.001"/>
  <system-out/>
  <testcase classname="testNG.sampleTestCase" name="firstTC" time="0.001"/>
  <system-out/>
  <testcase classname="testNG.sampleTestCase" name="thirdTC">
    <skipped/>
  </testcase> <!-- thirdTC -->
  <system-out/>
</testsuite> <!-- testNG.sampleTestCase -->
