<?xml version="1.0" encoding="UTF-8"?>
<!-- Generated by org.testng.reporters.JUnitReportReporter -->
<testsuite hostname="LAPTOP-9N9IQFPH" failures="0" tests="3" name="testNG.dependencieManagement" time="0.005" errors="0" timestamp="2022-07-17T11:42:17 IST" skipped="0">
  <testcase classname="testNG.dependencieManagement" name="highschool" time="0.003"/>
  <system-out/>
  <testcase classname="testNG.dependencieManagement" name="higherSecondary" time="0.001"/>
  <system-out/>
  <testcase classname="testNG.dependencieManagement" name="engineering" time="0.001"/>
  <system-out/>
</testsuite> <!-- testNG.dependencieManagement -->
